<?xml version="1.0" encoding="UTF-8"?>
<!-- Generated by org.testng.reporters.JUnitXMLReporter -->
<testsuite ignored="0" hostname="DESKTOP-TOTOP7H" failures="0" tests="1" name="Test-Runner-Edge" time="114.778" errors="0" timestamp="2023-10-13T19:50:28 IST">
  <testcase classname="ContactTests.CreateContactWithOrganisationTest" name="CreateContactWithOrgTest" time="43.753"/>
</testsuite> <!-- Test-Runner-Edge -->
