<?xml version="1.0" encoding="UTF-8"?>
<!-- Generated by org.testng.reporters.JUnitXMLReporter -->
<testsuite ignored="0" hostname="DESKTOP-TOTOP7H" failures="0" tests="1" name="Test-runner-1" time="50.962" errors="0" timestamp="2023-10-11T20:33:48 IST">
  <testcase classname="OrganisationTests.CreateOrganisationTest" name="createOrgTest" time="25.973"/>
</testsuite> <!-- Test-runner-1 -->
