<?xml version="1.0" encoding="UTF-8"?>
<!-- Generated by org.testng.reporters.JUnitXMLReporter -->
<testsuite ignored="0" hostname="DESKTOP-TOTOP7H" failures="0" tests="1" name="Test-runner-2" time="71.276" errors="0" timestamp="2023-10-11T20:34:08 IST">
  <testcase classname="ContactTests.CreateContactWithOrganisationTest" name="CreateContactWithOrgTest" time="46.078"/>
</testsuite> <!-- Test-runner-2 -->
