<?xml version="1.0" encoding="UTF-8"?>
<!-- Generated by org.testng.reporters.JUnitReportReporter -->
<testsuite hostname="DESKTOP-TOTOP7H" failures="0" tests="1" name="OrganisationTests.CreateOrganisationTest" time="31.602" errors="0" timestamp="2023-10-17T21:08:11 IST" skipped="0">
  <testcase classname="OrganisationTests.CreateOrganisationTest" name="createOrgTest" time="31.602"/>
  <system-out>
    <![CDATA[clik on contacts
CreatecontactLookupImg
CreateNewContact
HeaderText captured]]>
  </system-out>
</testsuite> <!-- OrganisationTests.CreateOrganisationTest -->
