<?xml version="1.0" encoding="UTF-8"?>
<!-- Generated by org.testng.reporters.JUnitReportReporter -->
<testsuite hostname="DESKTOP-TOTOP7H" failures="0" tests="3" name="practice.TestNGpractrise" time="0.020" errors="0" timestamp="2023-10-03T20:45:47 IST" skipped="1">
  <testcase classname="practice.TestNGpractrise" name="modifyCustomer" time="0.017"/>
  <testcase classname="practice.TestNGpractrise" name="deleteCustomer" time="0.003"/>
  <testcase classname="practice.TestNGpractrise" name="createCustomer">
    <skipped/>
  </testcase> <!-- createCustomer -->
</testsuite> <!-- practice.TestNGpractrise -->
