<?xml version="1.0" encoding="UTF-8"?>
<!-- Generated by org.testng.reporters.JUnitReportReporter -->
<testsuite hostname="DESKTOP-TOTOP7H" failures="0" tests="1" name="ContactTests.CreateContactWithOrganisationTest" time="60.497" errors="0" timestamp="2023-10-17T21:08:11 IST" skipped="0">
  <testcase classname="ContactTests.CreateContactWithOrganisationTest" name="CreateContactWithOrgTest" time="60.497"/>
  <system-out>
    <![CDATA[clik on contacts
CreatecontactLookupImg
CreateNewContact
HeaderText captured]]>
  </system-out>
</testsuite> <!-- ContactTests.CreateContactWithOrganisationTest -->
