<?xml version="1.0" encoding="UTF-8"?>
<!-- Generated by org.testng.reporters.JUnitReportReporter -->
<testsuite hostname="DESKTOP-TOTOP7H" failures="0" tests="1" name="OrganisationTests.CreateOrganisationWithIndustryTest" time="23.573" errors="0" timestamp="2023-10-09T20:54:22 IST" skipped="0">
  <testcase classname="OrganisationTests.CreateOrganisationWithIndustryTest" name="createOrgWithIndustryTest" time="23.573"/>
</testsuite> <!-- OrganisationTests.CreateOrganisationWithIndustryTest -->
