<?xml version="1.0" encoding="UTF-8"?>
<!-- Generated by org.testng.reporters.JUnitReportReporter -->
<testsuite hostname="DESKTOP-TOTOP7H" failures="0" tests="1" name="ContactTests.createContactTest" time="94.244" errors="0" timestamp="2023-11-01T19:55:54 IST" skipped="0">
  <testcase classname="ContactTests.createContactTest" name="createContactTest" time="94.244">
    <system-out>
      <![CDATA[clik on contacts
CreatecontactLookupImg
CreateNewContact
HeaderText captured
HeaderText validation]]>
    </system-out>
  </testcase> <!-- createContactTest -->
  <system-out>
    <![CDATA[clik on contacts
CreatecontactLookupImg
CreateNewContact
HeaderText captured
HeaderText validation]]>
  </system-out>
</testsuite> <!-- ContactTests.createContactTest -->
