<?xml version="1.0" encoding="UTF-8"?>
<!-- Generated by org.testng.reporters.JUnitReportReporter -->
<testsuite hostname="DESKTOP-TOTOP7H" failures="0" tests="3" name="practice.DataProviderPractise" time="0.022" errors="0" timestamp="2023-10-05T20:23:06 IST" skipped="0">
  <testcase classname="practice.DataProviderPractise" name="addProductToCart" time="0.013"/>
  <testcase classname="practice.DataProviderPractise" name="addProductToCart" time="0.004"/>
  <testcase classname="practice.DataProviderPractise" name="addProductToCart" time="0.005"/>
</testsuite> <!-- practice.DataProviderPractise -->
